<?xml version="1.0" encoding="UTF-8"?>
<!-- Generated by org.testng.reporters.JUnitReportReporter -->
<testsuite hostname="DESKTOP-JPMH21C" failures="0" tests="1" name="package1.Project1.TestCase2_LoginPage_Amz" time="17.681" errors="0" timestamp="2024-11-21T16:04:10 IST" skipped="0">
  <testcase classname="package1.Project1.TestCase2_LoginPage_Amz" name="TestCase2" time="17.681"/>
</testsuite> <!-- package1.Project1.TestCase2_LoginPage_Amz -->
