<?xml version="1.0" encoding="UTF-8"?>
<!-- Generated by org.testng.reporters.JUnitReportReporter -->
<testsuite hostname="DESKTOP-JPMH21C" failures="0" tests="1" name="package1.Project1.TestCase2_Hvoer_Home_Login" time="17.843" errors="0" timestamp="2024-11-21T16:22:24 IST" skipped="0">
  <testcase classname="package1.Project1.TestCase2_Hvoer_Home_Login" name="TestCase2" time="17.843"/>
</testsuite> <!-- package1.Project1.TestCase2_Hvoer_Home_Login -->
