<?xml version="1.0" encoding="UTF-8"?>
<!-- Generated by org.testng.reporters.JUnitReportReporter -->
<testsuite hostname="DESKTOP-JPMH21C" failures="0" tests="1" name="package1.Project1.Amz_accListHoverover_test" time="6.336" errors="0" timestamp="2024-11-20T16:47:34 IST" skipped="0">
  <testcase classname="package1.Project1.Amz_accListHoverover_test" name="AccListHoverOver" time="6.336"/>
</testsuite> <!-- package1.Project1.Amz_accListHoverover_test -->
