<?xml version="1.0" encoding="UTF-8"?>
<!-- Generated by org.testng.reporters.JUnitReportReporter -->
<testsuite hostname="DESKTOP-JPMH21C" failures="0" tests="1" name="package1.Project1.TestCase2_LoginPage_Amz_Src" time="18.533" errors="0" timestamp="2024-11-21T16:11:03 IST" skipped="0">
  <testcase classname="package1.Project1.TestCase2_LoginPage_Amz_Src" name="TestCase2" time="18.533"/>
</testsuite> <!-- package1.Project1.TestCase2_LoginPage_Amz_Src -->
