<?xml version="1.0" encoding="UTF-8"?>
<!-- Generated by org.testng.reporters.JUnitReportReporter -->
<testsuite hostname="DESKTOP-JPMH21C" failures="0" tests="1" name="package1.Project1.FB_test" time="4.019" errors="0" timestamp="2024-11-20T16:22:43 IST" skipped="0">
  <testcase classname="package1.Project1.FB_test" name="Login_fromSource" time="4.019"/>
</testsuite> <!-- package1.Project1.FB_test -->
