<?xml version="1.0" encoding="UTF-8"?>
<!-- Generated by org.testng.reporters.JUnitReportReporter -->
<testsuite hostname="DESKTOP-JPMH21C" failures="0" tests="1" name="package1.Project1.LaunchBrowserwith_test_anno" time="7.703" errors="0" timestamp="2024-11-20T00:17:06 IST" skipped="0">
  <testcase classname="package1.Project1.LaunchBrowserwith_test_anno" name="launch" time="7.703"/>
</testsuite> <!-- package1.Project1.LaunchBrowserwith_test_anno -->
