<?xml version="1.0" encoding="UTF-8"?>
<!-- Generated by org.testng.reporters.JUnitReportReporter -->
<testsuite hostname="DESKTOP-JPMH21C" failures="0" tests="1" name="package1.Project1.LaunchBrowserwith_test_anno" time="5.886" errors="0" timestamp="2024-12-06T22:18:02 IST" skipped="0">
  <testcase classname="package1.Project1.LaunchBrowserwith_test_anno" name="launch" time="5.886"/>
</testsuite> <!-- package1.Project1.LaunchBrowserwith_test_anno -->
