<?xml version="1.0" encoding="UTF-8"?>
<!-- Generated by org.testng.reporters.JUnitReportReporter -->
<testsuite hostname="DESKTOP-JPMH21C" failures="0" tests="1" name="package1.Project1.Amz_accListHoverover_test" time="8.494" errors="0" timestamp="2024-12-06T22:18:02 IST" skipped="0">
  <testcase classname="package1.Project1.Amz_accListHoverover_test" name="AccListHoverOver" time="8.494"/>
</testsuite> <!-- package1.Project1.Amz_accListHoverover_test -->
